main: inicio
main: 0
    Pang: inicio
    Pang: 0
        Peng: inicio
        Peng: 0
            Ping: inicio
            Ping: 0
                Pong: inicio
                Pong: 0
                    Pung: inicio
                    Pung: 0
main: 1
    Pang: 1
        Peng: 1
            Ping: 1
                Pong: 1
                    Pung: 1
main: esperando Pang...
    Pang: 2
        Peng: 2
            Ping: 2
                Pong: 2
                    Pung: 2
    Pang: 3
        Peng: 3
            Ping: 3
                Pong: 3
                    Pung: 3
    Pang: fim
Task 2 exit: execution time 99564 ms, processor time 18120 ms, 907 activations
        Peng: 4
            Ping: 4
main: Pang acabou, esperando Peng...
                Pong: 4
                    Pung: 4
        Peng: 5
            Ping: 5
                Pong: 5
                    Pung: 5
            Ping: 6
        Peng: fim
Task 3 exit: execution time 135888 ms, processor time 27184 ms, 1361 activations
                Pong: 6
                    Pung: 6
main: Peng acabou, esperando Ping...
            Ping: 7
                Pong: 7
                    Pung: 7
            Ping: fim
Task 4 exit: execution time 163069 ms, processor time 36241 ms, 1814 activations
                    Pung: 8
main: Ping acabou, esperando Pong...
                Pong: 8
                    Pung: 9
                Pong: 9
                    Pung: 10
                Pong: fim
Task 5 exit: execution time 181236 ms, processor time 45327 ms, 2268 activations
main: Pong acabou, esperando Pung...
                    Pung: 11
                    Pung: fim
Task 6 exit: execution time 190263 ms, processor time 54347 ms, 2719 activations
main: Pung acabou
main: fim
Task 0 exit: execution time 190263 ms, processor time 9044 ms, 457 activations
Task 1 exit: execution time 190263 ms, processor time    0 ms, 9522 activations
