main: inicio
30 tarefas somando 10000000 vezes cada, aguarde...
Task 2 exit: execution time 308553 ms, processor time 7444 ms, 10000001 activations
Task 3 exit: execution time 308553 ms, processor time 7287 ms, 10000001 activations
Task 4 exit: execution time 308553 ms, processor time 7222 ms, 10000001 activations
Task 5 exit: execution time 308553 ms, processor time 7385 ms, 10000001 activations
Task 6 exit: execution time 308553 ms, processor time 7411 ms, 10000001 activations
Task 7 exit: execution time 308553 ms, processor time 7431 ms, 10000001 activations
Task 8 exit: execution time 308553 ms, processor time 7367 ms, 10000001 activations
Task 9 exit: execution time 308553 ms, processor time 7562 ms, 10000001 activations
Task 10 exit: execution time 308553 ms, processor time 7238 ms, 10000001 activations
Task 11 exit: execution time 308553 ms, processor time 7380 ms, 10000001 activations
Task 12 exit: execution time 308553 ms, processor time 8036 ms, 10000001 activations
Task 13 exit: execution time 308553 ms, processor time 7904 ms, 10000001 activations
Task 14 exit: execution time 308553 ms, processor time 7959 ms, 10000001 activations
Task 15 exit: execution time 308553 ms, processor time 7580 ms, 10000001 activations
Task 16 exit: execution time 308553 ms, processor time 7535 ms, 10000001 activations
Task 17 exit: execution time 308553 ms, processor time 7662 ms, 10000001 activations
Task 18 exit: execution time 308553 ms, processor time 7577 ms, 10000001 activations
Task 19 exit: execution time 308553 ms, processor time 7686 ms, 10000001 activations
Task 20 exit: execution time 308553 ms, processor time 7381 ms, 10000001 activations
Task 21 exit: execution time 308553 ms, processor time 7574 ms, 10000001 activations
Task 22 exit: execution time 308553 ms, processor time 7857 ms, 10000001 activations
Task 23 exit: execution time 308553 ms, processor time 7652 ms, 10000001 activations
Task 24 exit: execution time 308553 ms, processor time 7392 ms, 10000001 activations
Task 25 exit: execution time 308553 ms, processor time 7430 ms, 10000001 activations
Task 26 exit: execution time 308553 ms, processor time 7579 ms, 10000001 activations
Task 27 exit: execution time 308553 ms, processor time 7515 ms, 10000001 activations
Task 28 exit: execution time 308553 ms, processor time 7383 ms, 10000001 activations
Task 29 exit: execution time 308553 ms, processor time 7499 ms, 10000001 activations
Task 30 exit: execution time 308553 ms, processor time 7470 ms, 10000001 activations
Task 31 exit: execution time 308553 ms, processor time 7477 ms, 10000001 activations
Soma deu 300000000, valor correto!
Task 0 exit: execution time 308553 ms, processor time    1 ms, 15 activations
Task 1 exit: execution time 308553 ms, processor time 82678 ms, 300000046 activations
